<?xml version="1.0" encoding="UTF-8"?>
<testsuite name="Agendar cita" tests="1" skipped="0" failures="0" errors="0" timestamp="2024-05-24T02:26:08" hostname="DESKTOP-IFP5J0M" time="23.058">
  <properties/>
  <testcase name="Agendamiento de cita exitoso" classname="Agendar cita" time="23.058"/>
  <system-out><![CDATA[]]></system-out>
  <system-err><![CDATA[[Test worker] WARN net.thucydides.core.steps.BaseStepListener - stepStarted: net.thucydides.core.steps.ExecutedStepDescription@60186936
[Test worker] WARN net.thucydides.core.steps.BaseStepListener - stepStarted: net.thucydides.core.steps.ExecutedStepDescription@338ed411
may 23, 2024 9:26:09 PM org.openqa.selenium.remote.DesiredCapabilities chrome
INFORMACIÓN: Using `new ChromeOptions()` is preferred to `DesiredCapabilities.chrome()`
[Test worker] INFO net.serenitybdd.core.webdriver.driverproviders.ProvideNewDriver - Instantiating driver
[Test worker] INFO net.serenitybdd.core.webdriver.driverproviders.ProvideNewDriver - Driver capabilities: Capabilities {acceptInsecureCerts: false, browserName: chrome, chrome.switches: --start-maximized --disable..., goog:chromeOptions: {args: [--start-maximized, --disable-popup-blocking, --ignore-certificate-errors], extensions: []}, loggingPrefs: org.openqa.selenium.logging..., platform: ANY, version: }
Starting ChromeDriver 125.0.6422.76 (67dcf7562b8fb4ab0819135589e37a97bcc8942c-refs/branch-heads/6422@{#1086}) on port 8933
Only local connections are allowed.
Please see https://chromedriver.chromium.org/security-considerations for suggestions on keeping ChromeDriver safe.
ChromeDriver was started successfully.
may 23, 2024 9:26:13 PM org.openqa.selenium.remote.ProtocolHandshake createSession
INFORMACIÓN: Detected dialect: W3C
[Test worker] WARN net.thucydides.core.steps.BaseStepListener - stepFinished: current outcome:Agendamiento de cita exitoso:Dado que el usuario se encuentra en la pagina web de agendamiento de citas [pepito opens the Agendar cita page]
[Test worker] WARN net.thucydides.core.steps.BaseStepListener - stepFinished: current outcome:Agendamiento de cita exitoso:Dado que el usuario se encuentra en la pagina web de agendamiento de citas [pepito opens the Agendar cita page]
[Test worker] WARN net.thucydides.core.steps.BaseStepListener - stepStarted: net.thucydides.core.steps.ExecutedStepDescription@63f97a26
[Test worker] WARN net.thucydides.core.steps.BaseStepListener - stepStarted: net.thucydides.core.steps.ExecutedStepDescription@45fe6ec2
[Test worker] WARN net.thucydides.core.steps.BaseStepListener - stepStarted: net.thucydides.core.steps.ExecutedStepDescription@356717a
[Test worker] WARN net.thucydides.core.steps.BaseStepListener - stepFinished: current outcome:Agendamiento de cita exitoso:Dado que el usuario se encuentra en la pagina web de agendamiento de citas [pepito opens the Agendar cita page], Cuando Cuando complete los campos del formulario de agendamiento de citas, realice clic en el boton de reserva de cita [Pepito agendar cita [pepito enters 'John Doe' into Ingresar nombre usuario]]
[Test worker] WARN net.thucydides.core.steps.BaseStepListener - stepStarted: net.thucydides.core.steps.ExecutedStepDescription@3e453878
[Test worker] WARN net.thucydides.core.steps.BaseStepListener - stepFinished: current outcome:Agendamiento de cita exitoso:Dado que el usuario se encuentra en la pagina web de agendamiento de citas [pepito opens the Agendar cita page], Cuando Cuando complete los campos del formulario de agendamiento de citas, realice clic en el boton de reserva de cita [Pepito agendar cita [pepito enters 'John Doe' into Ingresar nombre usuario, pepito enters 'ThisIsNotAPassword' into Ingresar Password]]
[Test worker] WARN net.thucydides.core.steps.BaseStepListener - stepStarted: net.thucydides.core.steps.ExecutedStepDescription@47f563cb
[Test worker] WARN net.thucydides.core.steps.BaseStepListener - stepFinished: current outcome:Agendamiento de cita exitoso:Dado que el usuario se encuentra en la pagina web de agendamiento de citas [pepito opens the Agendar cita page], Cuando Cuando complete los campos del formulario de agendamiento de citas, realice clic en el boton de reserva de cita [Pepito agendar cita [pepito enters 'John Doe' into Ingresar nombre usuario, pepito enters 'ThisIsNotAPassword' into Ingresar Password, pepito clicks on Clic boton Login]]
[Test worker] WARN net.thucydides.core.steps.BaseStepListener - stepStarted: net.thucydides.core.steps.ExecutedStepDescription@43a415c4
[Test worker] WARN net.thucydides.core.steps.BaseStepListener - stepFinished: current outcome:Agendamiento de cita exitoso:Dado que el usuario se encuentra en la pagina web de agendamiento de citas [pepito opens the Agendar cita page], Cuando Cuando complete los campos del formulario de agendamiento de citas, realice clic en el boton de reserva de cita [Pepito agendar cita [pepito enters 'John Doe' into Ingresar nombre usuario, pepito enters 'ThisIsNotAPassword' into Ingresar Password, pepito clicks on Clic boton Login, pepito select Hongkong CURA Healthcare Center on seleccion instalacion donde sera atendido]]
[Test worker] WARN net.thucydides.core.steps.BaseStepListener - stepStarted: net.thucydides.core.steps.ExecutedStepDescription@c214f01
[Test worker] WARN net.thucydides.core.steps.BaseStepListener - stepFinished: current outcome:Agendamiento de cita exitoso:Dado que el usuario se encuentra en la pagina web de agendamiento de citas [pepito opens the Agendar cita page], Cuando Cuando complete los campos del formulario de agendamiento de citas, realice clic en el boton de reserva de cita [Pepito agendar cita [pepito enters 'John Doe' into Ingresar nombre usuario, pepito enters 'ThisIsNotAPassword' into Ingresar Password, pepito clicks on Clic boton Login, pepito select Hongkong CURA Healthcare Center on seleccion instalacion donde sera atendido, pepito clicks on Clic boton solicitud reingreso hospitalario]]
[Test worker] WARN net.thucydides.core.steps.BaseStepListener - stepStarted: net.thucydides.core.steps.ExecutedStepDescription@3923eb91
[Test worker] WARN net.thucydides.core.steps.BaseStepListener - stepFinished: current outcome:Agendamiento de cita exitoso:Dado que el usuario se encuentra en la pagina web de agendamiento de citas [pepito opens the Agendar cita page], Cuando Cuando complete los campos del formulario de agendamiento de citas, realice clic en el boton de reserva de cita [Pepito agendar cita [pepito enters 'John Doe' into Ingresar nombre usuario, pepito enters 'ThisIsNotAPassword' into Ingresar Password, pepito clicks on Clic boton Login, pepito select Hongkong CURA Healthcare Center on seleccion instalacion donde sera atendido, pepito clicks on Clic boton solicitud reingreso hospitalario, pepito clicks on Clic boton seguro de enfermedad]]
[Test worker] WARN net.thucydides.core.steps.BaseStepListener - stepStarted: net.thucydides.core.steps.ExecutedStepDescription@469551b8
[Test worker] WARN net.thucydides.core.steps.BaseStepListener - stepFinished: current outcome:Agendamiento de cita exitoso:Dado que el usuario se encuentra en la pagina web de agendamiento de citas [pepito opens the Agendar cita page], Cuando Cuando complete los campos del formulario de agendamiento de citas, realice clic en el boton de reserva de cita [Pepito agendar cita [pepito enters 'John Doe' into Ingresar nombre usuario, pepito enters 'ThisIsNotAPassword' into Ingresar Password, pepito clicks on Clic boton Login, pepito select Hongkong CURA Healthcare Center on seleccion instalacion donde sera atendido, pepito clicks on Clic boton solicitud reingreso hospitalario, pepito clicks on Clic boton seguro de enfermedad, pepito clicks on Ingresar para seleccionar la fecha de visita ]]
[Test worker] WARN net.thucydides.core.steps.BaseStepListener - stepStarted: net.thucydides.core.steps.ExecutedStepDescription@5b711e34
[Test worker] WARN net.thucydides.core.steps.BaseStepListener - stepFinished: current outcome:Agendamiento de cita exitoso:Dado que el usuario se encuentra en la pagina web de agendamiento de citas [pepito opens the Agendar cita page], Cuando Cuando complete los campos del formulario de agendamiento de citas, realice clic en el boton de reserva de cita [Pepito agendar cita [pepito enters 'John Doe' into Ingresar nombre usuario, pepito enters 'ThisIsNotAPassword' into Ingresar Password, pepito clicks on Clic boton Login, pepito select Hongkong CURA Healthcare Center on seleccion instalacion donde sera atendido, pepito clicks on Clic boton solicitud reingreso hospitalario, pepito clicks on Clic boton seguro de enfermedad, pepito clicks on Ingresar para seleccionar la fecha de visita , pepito clicks on Seleccion fecha de visita ]]
[Test worker] WARN net.thucydides.core.steps.BaseStepListener - stepStarted: net.thucydides.core.steps.ExecutedStepDescription@ce61735
[Test worker] WARN net.thucydides.core.steps.BaseStepListener - stepFinished: current outcome:Agendamiento de cita exitoso:Dado que el usuario se encuentra en la pagina web de agendamiento de citas [pepito opens the Agendar cita page], Cuando Cuando complete los campos del formulario de agendamiento de citas, realice clic en el boton de reserva de cita [Pepito agendar cita [pepito enters 'John Doe' into Ingresar nombre usuario, pepito enters 'ThisIsNotAPassword' into Ingresar Password, pepito clicks on Clic boton Login, pepito select Hongkong CURA Healthcare Center on seleccion instalacion donde sera atendido, pepito clicks on Clic boton solicitud reingreso hospitalario, pepito clicks on Clic boton seguro de enfermedad, pepito clicks on Ingresar para seleccionar la fecha de visita , pepito clicks on Seleccion fecha de visita , pepito enters 'Solicito por favor, se me agende de manera urgente una cita con medico general con fecha maximo para el 18 de Mayo.' into Escribir un comentario ]]
[Test worker] WARN net.thucydides.core.steps.BaseStepListener - stepStarted: net.thucydides.core.steps.ExecutedStepDescription@4600c0da
[Test worker] WARN net.thucydides.core.steps.BaseStepListener - stepFinished: current outcome:Agendamiento de cita exitoso:Dado que el usuario se encuentra en la pagina web de agendamiento de citas [pepito opens the Agendar cita page], Cuando Cuando complete los campos del formulario de agendamiento de citas, realice clic en el boton de reserva de cita [Pepito agendar cita [pepito enters 'John Doe' into Ingresar nombre usuario, pepito enters 'ThisIsNotAPassword' into Ingresar Password, pepito clicks on Clic boton Login, pepito select Hongkong CURA Healthcare Center on seleccion instalacion donde sera atendido, pepito clicks on Clic boton solicitud reingreso hospitalario, pepito clicks on Clic boton seguro de enfermedad, pepito clicks on Ingresar para seleccionar la fecha de visita , pepito clicks on Seleccion fecha de visita , pepito enters 'Solicito por favor, se me agende de manera urgente una cita con medico general con fecha maximo para el 18 de Mayo.' into Escribir un comentario , pepito clicks on Clic boton seleccionar cita ]]
[Test worker] WARN net.thucydides.core.steps.BaseStepListener - stepFinished: current outcome:Agendamiento de cita exitoso:Dado que el usuario se encuentra en la pagina web de agendamiento de citas [pepito opens the Agendar cita page], Cuando Cuando complete los campos del formulario de agendamiento de citas, realice clic en el boton de reserva de cita [Pepito agendar cita [pepito enters 'John Doe' into Ingresar nombre usuario, pepito enters 'ThisIsNotAPassword' into Ingresar Password, pepito clicks on Clic boton Login, pepito select Hongkong CURA Healthcare Center on seleccion instalacion donde sera atendido, pepito clicks on Clic boton solicitud reingreso hospitalario, pepito clicks on Clic boton seguro de enfermedad, pepito clicks on Ingresar para seleccionar la fecha de visita , pepito clicks on Seleccion fecha de visita , pepito enters 'Solicito por favor, se me agende de manera urgente una cita con medico general con fecha maximo para el 18 de Mayo.' into Escribir un comentario , pepito clicks on Clic boton seleccionar cita ]]
[Test worker] WARN net.thucydides.core.steps.BaseStepListener - stepFinished: current outcome:Agendamiento de cita exitoso:Dado que el usuario se encuentra en la pagina web de agendamiento de citas [pepito opens the Agendar cita page], Cuando Cuando complete los campos del formulario de agendamiento de citas, realice clic en el boton de reserva de cita [Pepito agendar cita [pepito enters 'John Doe' into Ingresar nombre usuario, pepito enters 'ThisIsNotAPassword' into Ingresar Password, pepito clicks on Clic boton Login, pepito select Hongkong CURA Healthcare Center on seleccion instalacion donde sera atendido, pepito clicks on Clic boton solicitud reingreso hospitalario, pepito clicks on Clic boton seguro de enfermedad, pepito clicks on Ingresar para seleccionar la fecha de visita , pepito clicks on Seleccion fecha de visita , pepito enters 'Solicito por favor, se me agende de manera urgente una cita con medico general con fecha maximo para el 18 de Mayo.' into Escribir un comentario , pepito clicks on Clic boton seleccionar cita ]]
[Test worker] WARN net.thucydides.core.steps.BaseStepListener - stepStarted: net.thucydides.core.steps.ExecutedStepDescription@5dc27712
[Test worker] WARN net.thucydides.core.steps.BaseStepListener - stepStarted: net.thucydides.core.steps.ExecutedStepDescription@19ae6fd2
[Test worker] WARN net.thucydides.core.steps.BaseStepListener - stepFinished: current outcome:Agendamiento de cita exitoso:Dado que el usuario se encuentra en la pagina web de agendamiento de citas [pepito opens the Agendar cita page], Cuando Cuando complete los campos del formulario de agendamiento de citas, realice clic en el boton de reserva de cita [Pepito agendar cita [pepito enters 'John Doe' into Ingresar nombre usuario, pepito enters 'ThisIsNotAPassword' into Ingresar Password, pepito clicks on Clic boton Login, pepito select Hongkong CURA Healthcare Center on seleccion instalacion donde sera atendido, pepito clicks on Clic boton solicitud reingreso hospitalario, pepito clicks on Clic boton seguro de enfermedad, pepito clicks on Ingresar para seleccionar la fecha de visita , pepito clicks on Seleccion fecha de visita , pepito enters 'Solicito por favor, se me agende de manera urgente una cita con medico general con fecha maximo para el 18 de Mayo.' into Escribir un comentario , pepito clicks on Clic boton seleccionar cita ]], Entonces debera visualizar un mensaje de confirmacion de la cita [Then El suario puede ver un mensaje de comprobacion should be (true)]
[Test worker] WARN net.thucydides.core.steps.BaseStepListener - stepFinished: current outcome:Agendamiento de cita exitoso:Dado que el usuario se encuentra en la pagina web de agendamiento de citas [pepito opens the Agendar cita page], Cuando Cuando complete los campos del formulario de agendamiento de citas, realice clic en el boton de reserva de cita [Pepito agendar cita [pepito enters 'John Doe' into Ingresar nombre usuario, pepito enters 'ThisIsNotAPassword' into Ingresar Password, pepito clicks on Clic boton Login, pepito select Hongkong CURA Healthcare Center on seleccion instalacion donde sera atendido, pepito clicks on Clic boton solicitud reingreso hospitalario, pepito clicks on Clic boton seguro de enfermedad, pepito clicks on Ingresar para seleccionar la fecha de visita , pepito clicks on Seleccion fecha de visita , pepito enters 'Solicito por favor, se me agende de manera urgente una cita con medico general con fecha maximo para el 18 de Mayo.' into Escribir un comentario , pepito clicks on Clic boton seleccionar cita ]], Entonces debera visualizar un mensaje de confirmacion de la cita [Then El suario puede ver un mensaje de comprobacion should be (true)]
[Test worker] WARN net.thucydides.core.steps.BaseStepListener - testFinished: Agendamiento de cita exitoso:Dado que el usuario se encuentra en la pagina web de agendamiento de citas [pepito opens the Agendar cita page], Cuando Cuando complete los campos del formulario de agendamiento de citas, realice clic en el boton de reserva de cita [Pepito agendar cita [pepito enters 'John Doe' into Ingresar nombre usuario, pepito enters 'ThisIsNotAPassword' into Ingresar Password, pepito clicks on Clic boton Login, pepito select Hongkong CURA Healthcare Center on seleccion instalacion donde sera atendido, pepito clicks on Clic boton solicitud reingreso hospitalario, pepito clicks on Clic boton seguro de enfermedad, pepito clicks on Ingresar para seleccionar la fecha de visita , pepito clicks on Seleccion fecha de visita , pepito enters 'Solicito por favor, se me agende de manera urgente una cita con medico general con fecha maximo para el 18 de Mayo.' into Escribir un comentario , pepito clicks on Clic boton seleccionar cita ]], Entonces debera visualizar un mensaje de confirmacion de la cita [Then El suario puede ver un mensaje de comprobacion should be (true)]
[Test worker] WARN net.thucydides.core.steps.BaseStepListener - TestOutcomes: [Agendamiento de cita exitoso:Dado que el usuario se encuentra en la pagina web de agendamiento de citas [pepito opens the Agendar cita page], Cuando Cuando complete los campos del formulario de agendamiento de citas, realice clic en el boton de reserva de cita [Pepito agendar cita [pepito enters 'John Doe' into Ingresar nombre usuario, pepito enters 'ThisIsNotAPassword' into Ingresar Password, pepito clicks on Clic boton Login, pepito select Hongkong CURA Healthcare Center on seleccion instalacion donde sera atendido, pepito clicks on Clic boton solicitud reingreso hospitalario, pepito clicks on Clic boton seguro de enfermedad, pepito clicks on Ingresar para seleccionar la fecha de visita , pepito clicks on Seleccion fecha de visita , pepito enters 'Solicito por favor, se me agende de manera urgente una cita con medico general con fecha maximo para el 18 de Mayo.' into Escribir un comentario , pepito clicks on Clic boton seleccionar cita ]], Entonces debera visualizar un mensaje de confirmacion de la cita [Then El suario puede ver un mensaje de comprobacion should be (true)]]
[Test worker] WARN net.thucydides.core.steps.BaseStepListener - Final testOutcomes: [Agendamiento de cita exitoso:Dado que el usuario se encuentra en la pagina web de agendamiento de citas [pepito opens the Agendar cita page], Cuando Cuando complete los campos del formulario de agendamiento de citas, realice clic en el boton de reserva de cita [Pepito agendar cita [pepito enters 'John Doe' into Ingresar nombre usuario, pepito enters 'ThisIsNotAPassword' into Ingresar Password, pepito clicks on Clic boton Login, pepito select Hongkong CURA Healthcare Center on seleccion instalacion donde sera atendido, pepito clicks on Clic boton solicitud reingreso hospitalario, pepito clicks on Clic boton seguro de enfermedad, pepito clicks on Ingresar para seleccionar la fecha de visita , pepito clicks on Seleccion fecha de visita , pepito enters 'Solicito por favor, se me agende de manera urgente una cita con medico general con fecha maximo para el 18 de Mayo.' into Escribir un comentario , pepito clicks on Clic boton seleccionar cita ]], Entonces debera visualizar un mensaje de confirmacion de la cita [Then El suario puede ver un mensaje de comprobacion should be (true)]]
[Test worker] INFO net.thucydides.core.steps.ConsoleLoggingListener - 
        __    _____ _____ ____ _____   ____   _    ____  ____  _____ ____  
  _     \ \  |_   _| ____/ ___|_   _| |  _ \ / \  / ___|/ ___|| ____|  _ \ 
 (_)_____| |   | | |  _| \___ \ | |   | |_) / _ \ \___ \\___ \|  _| | | | |
  _|_____| |   | | | |___ ___) || |   |  __/ ___ \ ___) |___) | |___| |_| |
 (_)     | |   |_| |_____|____/ |_|   |_| /_/   \_\____/|____/|_____|____/ 
        /_/                                                                

TEST PASSED: Agendamiento de cita exitoso
----------------------------------------------------------------------------
]]></system-err>
</testsuite>
